Converting cell: AA3INVOB.000 ...
Info: Attribute CLSDEF for feature NEWOBJ dropped from S-101 feature VirtualAISAidToNavigation.
Warning: Unable to convert CLSNAM value of 'Waypoint' for S-57 feature NEWOBJ (AA083447539300501) to virtualAISAidToNavigationType
Warning: Unable to map S-57 enumeration code -1 to S-100 attribute virtualAISAidToNavigationType 
Info: Attribute SYMINS for feature NEWOBJ dropped from S-101 feature VirtualAISAidToNavigation.
Warning: Unable to convert CLSNAM value of 'Waypoint' for S-57 feature NEWOBJ (AA376085394500502) to virtualAISAidToNavigationType
Warning: Unable to convert CLSNAM value of 'Chart note' for S-57 feature NEWOBJ (AA008357371400503) to virtualAISAidToNavigationType
Warning: Unable to convert CLSNAM value of 'Chart note' for S-57 feature NEWOBJ (AA405025498300504) to virtualAISAidToNavigationType
Warning: Unable to convert feature $CSYMB. Configuration not found.
Warning: Unable to convert feature $LINES. Configuration not found.
Warning: Unable to convert feature $AREAS. Configuration not found.
Warning: Unable to map attribute  for SILTNK to SiloTank. Attribute mapping not found in the config file.
Warning: Unable to map attribute  for CBLSUB to CableSubmarine. Attribute mapping not found in the config file.
Warning: Unable to map attribute  for BOYCAR to BuoyCardinal. Attribute mapping not found in the config file.
Warning: Adding null value to mandatory attribute virtualAISAidToNavigationType for feature VirtualAISAidToNavigation (AA083447539300501).
Warning: Adding null value to mandatory attribute virtualAISAidToNavigationType for feature VirtualAISAidToNavigation (AA376085394500502).
Warning: Adding null value to mandatory attribute virtualAISAidToNavigationType for feature VirtualAISAidToNavigation (AA008357371400503).
Warning: Adding null value to mandatory attribute virtualAISAidToNavigationType for feature VirtualAISAidToNavigation (AA405025498300504).
Warning: Adding null value to mandatory attribute waterLevelEffect for feature Obstruction (AA389194107500506).
Warning: Adding null value to mandatory attribute restriction for feature RestrictedAreaNavigational (AA268095513400507).
Warning: Adding null value to mandatory attribute colour for feature BuoyCardinal (AA096740287700211).
1/1 : AA3INVOB.000 -> 101AA003INVOB.000 conversion completed with 18 warnings!

