Converting cell: 1B5X01NE.000 ...
Info: Enumeration code 1 (surveyed) dropped from S-100 attribute qualityOfHorizontalMeasurement for S-100 feature 
Info: Feature DEPARE of primitive type 'Curve' dropped from S-101.
Info: Enumeration code 7 (obscured) dropped from S-100 attribute lightVisibility for S-100 feature LightSectored (GB213514936000687)
Info: Enumeration code 1 (directional function) dropped from S-100 attribute categoryOfLight for S-100 feature LightSectored (GB213514941200687)
Info: Added feature RestrictedAreaNavigational (GB213517115400687) coincident to feature RestrictedAreaRegulatory (GB213515556100687) converted from S-57 feature RESARE (GB213515556100687).
Info: Enumeration code 9 (rock) dropped from S-100 attribute natureOfSurface for S-100 feature UnderwaterAwashRock (GB213517181800687)
Info: Enumeration code 9 (rock) dropped from S-100 attribute natureOfSurface for S-100 feature UnderwaterAwashRock (GB213517183700687)
Info: Enumeration code 9 (rock) dropped from S-100 attribute natureOfSurface for S-100 feature UnderwaterAwashRock (GB213517185300687)
Info: Enumeration code 9 (rock) dropped from S-100 attribute natureOfSurface for S-100 feature UnderwaterAwashRock (GB213517186700687)
Info: Enumeration code 9 (rock) dropped from S-100 attribute natureOfSurface for S-100 feature UnderwaterAwashRock (GB213517222600687)
Info: Enumeration code 9 (rock) dropped from S-100 attribute natureOfSurface for S-100 feature UnderwaterAwashRock (GB213517224700687)
Info: Enumeration code 9 (rock) dropped from S-100 attribute natureOfSurface for S-100 feature UnderwaterAwashRock (GB213517226200687)
Info: Enumeration code 9 (rock) dropped from S-100 attribute natureOfSurface for S-100 feature UnderwaterAwashRock (GB213517230200687)
Info: Enumeration code 9 (rock) dropped from S-100 attribute natureOfSurface for S-100 feature UnderwaterAwashRock (GB213517231800687)
Info: Enumeration code 9 (rock) dropped from S-100 attribute natureOfSurface for S-100 feature UnderwaterAwashRock (GB213517234700687)
Info: Enumeration code 9 (rock) dropped from S-100 attribute natureOfSurface for S-100 feature UnderwaterAwashRock (GB213517236700687)
Info: Enumeration code 9 (rock) dropped from S-100 attribute natureOfSurface for S-100 feature UnderwaterAwashRock (GB213517238800687)
Info: Enumeration code 9 (rock) dropped from S-100 attribute natureOfSurface for S-100 feature UnderwaterAwashRock (GB213517240400687)
Info: Enumeration code 9 (rock) dropped from S-100 attribute natureOfSurface for S-100 feature UnderwaterAwashRock (GB213517242100687)
Info: Enumeration code 9 (rock) dropped from S-100 attribute natureOfSurface for S-100 feature UnderwaterAwashRock (GB213517244700687)
Info: Enumeration code 9 (rock) dropped from S-100 attribute natureOfSurface for S-100 feature UnderwaterAwashRock (GB213517247800687)
Info: Enumeration code 9 (rock) dropped from S-100 attribute natureOfSurface for S-100 feature UnderwaterAwashRock (GB213517250000687)
Info: Enumeration code 9 (rock) dropped from S-100 attribute natureOfSurface for S-100 feature UnderwaterAwashRock (GB213517251500687)
Info: Enumeration code 9 (rock) dropped from S-100 attribute natureOfSurface for S-100 feature UnderwaterAwashRock (GB213517253500687)
Warning: Adding null value to mandatory attribute colour for feature BeaconSpecialPurposeGeneral (GB213513246700687).
Warning: Adding null value to mandatory attribute colour for feature BeaconSpecialPurposeGeneral (GB213513249200687).
Warning: Adding null value to mandatory attribute colour for feature BeaconSpecialPurposeGeneral (GB213513251300687).
Warning: Adding null value to mandatory attribute colour for feature BeaconSpecialPurposeGeneral (GB213513252600687).
Warning: Adding null value to mandatory attribute colour for feature BeaconSpecialPurposeGeneral (GB213513289100687).
Warning: Adding null value to mandatory attribute marksNavigationalSystemOf for feature LocalDirectionOfBuoyage (GB213515304600687).
Warning: Adding null value to mandatory attribute marksNavigationalSystemOf for feature LocalDirectionOfBuoyage (GB213515307600687).
Warning: Adding null value to mandatory attribute surveyDateRange for feature QualityOfBathymetricData (GB213515327100687).
Warning: Adding null value to mandatory attribute dateEnd for feature QualityOfBathymetricData (GB213515327100687).
1/1 : 1B5X01NE.000 -> 1011B005X01NE.000 conversion completed with 9 warnings!

